[debug] [2019-03-26T16:15:04.001Z] ----------------------------------------------------------------------
[debug] [2019-03-26T16:15:04.003Z] Command:       /Users/jamesmorgan/.nvm/versions/node/v8.9.4/bin/node /Users/jamesmorgan/.nvm/versions/node/v8.9.4/bin/firebase deploy
[debug] [2019-03-26T16:15:04.003Z] CLI Version:   4.2.1
[debug] [2019-03-26T16:15:04.003Z] Platform:      darwin
[debug] [2019-03-26T16:15:04.003Z] Node Version:  v8.9.4
[debug] [2019-03-26T16:15:04.004Z] Time:          Tue Mar 26 2019 16:15:04 GMT+0000 (GMT)
[debug] [2019-03-26T16:15:04.004Z] ----------------------------------------------------------------------
[debug] 
[debug] [2019-03-26T16:15:04.017Z] > command requires scopes: ["email","openid","https://www.googleapis.com/auth/cloudplatformprojects.readonly","https://www.googleapis.com/auth/firebase","https://www.googleapis.com/auth/cloud-platform"]
[debug] [2019-03-26T16:15:04.017Z] > authorizing via signed-in user
[debug] [2019-03-26T16:15:04.021Z] > refreshing access token with scopes: ["email","https://www.googleapis.com/auth/cloud-platform","https://www.googleapis.com/auth/cloudplatformprojects.readonly","https://www.googleapis.com/auth/firebase","openid"]
[debug] [2019-03-26T16:15:04.021Z] >>> HTTP REQUEST POST https://www.googleapis.com/oauth2/v3/token  

[debug] [2019-03-26T16:15:04.149Z] <<< HTTP RESPONSE 200
[debug] [2019-03-26T16:15:04.163Z] >>> HTTP REQUEST GET https://admin.firebase.com/v1/projects/beta-known-origin-io  
 
[debug] [2019-03-26T16:15:04.707Z] <<< HTTP RESPONSE 200
[info] 
[info] === Deploying to 'beta-known-origin-io'...
[info] 
[info] i  deploying hosting
[debug] [2019-03-26T16:15:04.711Z] >>> HTTP REQUEST POST https://firebasehosting.googleapis.com/v1beta1/sites/beta-known-origin-io/versions  

[debug] [2019-03-26T16:15:06.368Z] <<< HTTP RESPONSE 200
[info] i  hosting[beta-known-origin-io]: beginning deploy...
[info] i  hosting[beta-known-origin-io]: found 41 files in ./dist/
[debug] [2019-03-26T16:15:07.757Z] [hosting] hash cache [ZGlzdA] stored for 41 files
[debug] [2019-03-26T16:15:07.757Z] [hosting][hash queue][FINAL]
[debug] [2019-03-26T16:15:07.757Z] >>> HTTP REQUEST POST https://firebasehosting.googleapis.com/v1beta1/sites/beta-known-origin-io/versions/d72efd24946ea692:populateFiles  
 <request body omitted>
